<?xml version="1.0" encoding="UTF-8"?>
<!-- Generated by org.testng.reporters.JUnitReportReporter -->
<testsuite hostname="Karthik" failures="0" tests="1" name="testPackage.Flow1" time="24.695" errors="0" timestamp="2024-09-18T09:55:12 IST" skipped="0">
  <testcase classname="testPackage.Flow1" name="sendingValue" time="24.695"/>
  <system-out/>
</testsuite> <!-- testPackage.Flow1 -->
