<?xml version="1.0" encoding="UTF-8"?>
<!-- Generated by org.testng.reporters.JUnitReportReporter -->
<testsuite hostname="Karthik" failures="0" tests="1" name="testPackage.TestClass" time="0.746" errors="0" timestamp="2024-09-19T09:50:46 IST" skipped="0">
  <testcase classname="testPackage.TestClass" name="sendingValue" time="0.746"/>
  <system-out/>
</testsuite> <!-- testPackage.TestClass -->
